# JRE version: OpenJDK Runtime Environment (8.0_202-b03) (build 1.8.0_202-release-1483-b03)
# Java VM: OpenJDK 64-Bit Server VM (25.202-b03 mixed mode windows-amd64 compressed oops)
Heap:
 PSYoungGen      total 60928K, used 10153K [0x00000000e0000000, 0x00000000e6580000, 0x0000000100000000)
  eden space 49152K, 0% used [0x00000000e0000000,0x00000000e0000000,0x00000000e3000000)
  from space 11776K, 86% used [0x00000000e5a00000,0x00000000e63ea600,0x00000000e6580000)
  to   space 10752K, 0% used [0x00000000e3000000,0x00000000e3000000,0x00000000e3a80000)
 ParOldGen       total 62464K, used 9369K [0x00000000a0000000, 0x00000000a3d00000, 0x00000000e0000000)
  object space 62464K, 14% used [0x00000000a0000000,0x00000000a0926650,0x00000000a3d00000)
 Metaspace       used 34421K, capacity 35226K, committed 35416K, reserved 1079296K
  class space    used 4555K, capacity 4733K, committed 4736K, reserved 1048576K
GC Heap History (10 events):
Event: 9.643 GC heap after
Heap after GC invocations=5 (full 1):
 PSYoungGen      total 37888K, used 0K [0x00000000e0000000, 0x00000000e2a00000, 0x0000000100000000)
  eden space 32768K, 0% used [0x00000000e0000000,0x00000000e0000000,0x00000000e2000000)
  from space 5120K, 0% used [0x00000000e2500000,0x00000000e2500000,0x00000000e2a00000)
  to   space 5120K, 0% used [0x00000000e2000000,0x00000000e2000000,0x00000000e2500000)
 ParOldGen       total 62464K, used 9337K [0x00000000a0000000, 0x00000000a3d00000, 0x00000000e0000000)
  object space 62464K, 14% used [0x00000000a0000000,0x00000000a091e650,0x00000000a3d00000)
 Metaspace       used 20683K, capacity 21084K, committed 21248K, reserved 1067008K
  class space    used 2788K, capacity 2952K, committed 3072K, reserved 1048576K
}
Event: 11.560 GC heap before
{Heap before GC invocations=6 (full 1):
 PSYoungGen      total 37888K, used 32768K [0x00000000e0000000, 0x00000000e2a00000, 0x0000000100000000)
  eden space 32768K, 100% used [0x00000000e0000000,0x00000000e2000000,0x00000000e2000000)
  from space 5120K, 0% used [0x00000000e2500000,0x00000000e2500000,0x00000000e2a00000)
  to   space 5120K, 0% used [0x00000000e2000000,0x00000000e2000000,0x00000000e2500000)
 ParOldGen       total 62464K, used 9337K [0x00000000a0000000, 0x00000000a3d00000, 0x00000000e0000000)
  object space 62464K, 14% used [0x00000000a0000000,0x00000000a091e650,0x00000000a3d00000)
 Metaspace       used 25444K, capacity 25842K, committed 26112K, reserved 1071104K
  class space    used 3312K, capacity 3470K, committed 3584K, reserved 1048576K
Event: 11.565 GC heap after
Heap after GC invocations=6 (full 1):
 PSYoungGen      total 37888K, used 4064K [0x00000000e0000000, 0x00000000e4580000, 0x0000000100000000)
  eden space 32768K, 0% used [0x00000000e0000000,0x00000000e0000000,0x00000000e2000000)
  from space 5120K, 79% used [0x00000000e2000000,0x00000000e23f8120,0x00000000e2500000)
  to   space 10752K, 0% used [0x00000000e3b00000,0x00000000e3b00000,0x00000000e4580000)
 ParOldGen       total 62464K, used 9345K [0x00000000a0000000, 0x00000000a3d00000, 0x00000000e0000000)
  object space 62464K, 14% used [0x00000000a0000000,0x00000000a0920650,0x00000000a3d00000)
 Metaspace       used 25444K, capacity 25842K, committed 26112K, reserved 1071104K
  class space    used 3312K, capacity 3470K, committed 3584K, reserved 1048576K
}
Event: 13.606 GC heap before
{Heap before GC invocations=7 (full 1):
 PSYoungGen      total 37888K, used 36832K [0x00000000e0000000, 0x00000000e4580000, 0x0000000100000000)
  eden space 32768K, 100% used [0x00000000e0000000,0x00000000e2000000,0x00000000e2000000)
  from space 5120K, 79% used [0x00000000e2000000,0x00000000e23f8120,0x00000000e2500000)
  to   space 10752K, 0% used [0x00000000e3b00000,0x00000000e3b00000,0x00000000e4580000)
 ParOldGen       total 62464K, used 9345K [0x00000000a0000000, 0x00000000a3d00000, 0x00000000e0000000)
  object space 62464K, 14% used [0x00000000a0000000,0x00000000a0920650,0x00000000a3d00000)
 Metaspace       used 27412K, capacity 28014K, committed 28160K, reserved 1073152K
  class space    used 3592K, capacity 3752K, committed 3840K, reserved 1048576K
Event: 13.618 GC heap after
Heap after GC invocations=7 (full 1):
 PSYoungGen      total 59392K, used 5304K [0x00000000e0000000, 0x00000000e4500000, 0x0000000100000000)
  eden space 49152K, 0% used [0x00000000e0000000,0x00000000e0000000,0x00000000e3000000)
  from space 10240K, 51% used [0x00000000e3b00000,0x00000000e402e370,0x00000000e4500000)
  to   space 10752K, 0% used [0x00000000e3000000,0x00000000e3000000,0x00000000e3a80000)
 ParOldGen       total 62464K, used 9353K [0x00000000a0000000, 0x00000000a3d00000, 0x00000000e0000000)
  object space 62464K, 14% used [0x00000000a0000000,0x00000000a0922650,0x00000000a3d00000)
 Metaspace       used 27412K, capacity 28014K, committed 28160K, reserved 1073152K
  class space    used 3592K, capacity 3752K, committed 3840K, reserved 1048576K
}
Event: 14.936 GC heap before
{Heap before GC invocations=8 (full 1):
 PSYoungGen      total 59392K, used 54456K [0x00000000e0000000, 0x00000000e4500000, 0x0000000100000000)
  eden space 49152K, 100% used [0x00000000e0000000,0x00000000e3000000,0x00000000e3000000)
  from space 10240K, 51% used [0x00000000e3b00000,0x00000000e402e370,0x00000000e4500000)
  to   space 10752K, 0% used [0x00000000e3000000,0x00000000e3000000,0x00000000e3a80000)
 ParOldGen       total 62464K, used 9353K [0x00000000a0000000, 0x00000000a3d00000, 0x00000000e0000000)
  object space 62464K, 14% used [0x00000000a0000000,0x00000000a0922650,0x00000000a3d00000)
 Metaspace       used 31265K, capacity 32098K, committed 32256K, reserved 1077248K
  class space    used 4149K, capacity 4335K, committed 4352K, reserved 1048576K
Event: 14.967 GC heap after
Heap after GC invocations=8 (full 1):
 PSYoungGen      total 59904K, used 9494K [0x00000000e0000000, 0x00000000e6580000, 0x0000000100000000)
  eden space 49152K, 0% used [0x00000000e0000000,0x00000000e0000000,0x00000000e3000000)
  from space 10752K, 88% used [0x00000000e3000000,0x00000000e3945880,0x00000000e3a80000)
  to   space 11776K, 0% used [0x00000000e5a00000,0x00000000e5a00000,0x00000000e6580000)
 ParOldGen       total 62464K, used 9361K [0x00000000a0000000, 0x00000000a3d00000, 0x00000000e0000000)
  object space 62464K, 14% used [0x00000000a0000000,0x00000000a0924650,0x00000000a3d00000)
 Metaspace       used 31265K, capacity 32098K, committed 32256K, reserved 1077248K
  class space    used 4149K, capacity 4335K, committed 4352K, reserved 1048576K
}
Event: 15.997 GC heap before
{Heap before GC invocations=9 (full 1):
 PSYoungGen      total 59904K, used 39364K [0x00000000e0000000, 0x00000000e6580000, 0x0000000100000000)
  eden space 49152K, 60% used [0x00000000e0000000,0x00000000e1d2b7b8,0x00000000e3000000)
  from space 10752K, 88% used [0x00000000e3000000,0x00000000e3945880,0x00000000e3a80000)
  to   space 11776K, 0% used [0x00000000e5a00000,0x00000000e5a00000,0x00000000e6580000)
 ParOldGen       total 62464K, used 9361K [0x00000000a0000000, 0x00000000a3d00000, 0x00000000e0000000)
  object space 62464K, 14% used [0x00000000a0000000,0x00000000a0924650,0x00000000a3d00000)
 Metaspace       used 34421K, capacity 35226K, committed 35416K, reserved 1079296K
  class space    used 4555K, capacity 4733K, committed 4736K, reserved 1048576K
Event: 16.027 GC heap after
Heap after GC invocations=9 (full 1):
 PSYoungGen      total 60928K, used 10153K [0x00000000e0000000, 0x00000000e6580000, 0x0000000100000000)
  eden space 49152K, 0% used [0x00000000e0000000,0x00000000e0000000,0x00000000e3000000)
  from space 11776K, 86% used [0x00000000e5a00000,0x00000000e63ea600,0x00000000e6580000)
  to   space 10752K, 0% used [0x00000000e3000000,0x00000000e3000000,0x00000000e3a80000)
 ParOldGen       total 62464K, used 9369K [0x00000000a0000000, 0x00000000a3d00000, 0x00000000e0000000)
  object space 62464K, 14% used [0x00000000a0000000,0x00000000a0926650,0x00000000a3d00000)
 Metaspace       used 34421K, capacity 35226K, committed 35416K, reserved 1079296K
  class space    used 4555K, capacity 4733K, committed 4736K, reserved 1048576K
}
Event: 16.027 GC heap before
{Heap before GC invocations=10 (full 2):
 PSYoungGen      total 60928K, used 10153K [0x00000000e0000000, 0x00000000e6580000, 0x0000000100000000)
  eden space 49152K, 0% used [0x00000000e0000000,0x00000000e0000000,0x00000000e3000000)
  from space 11776K, 86% used [0x00000000e5a00000,0x00000000e63ea600,0x00000000e6580000)
  to   space 10752K, 0% used [0x00000000e3000000,0x00000000e3000000,0x00000000e3a80000)
 ParOldGen       total 62464K, used 9369K [0x00000000a0000000, 0x00000000a3d00000, 0x00000000e0000000)
  object space 62464K, 14% used [0x00000000a0000000,0x00000000a0926650,0x00000000a3d00000)
 Metaspace       used 34421K, capacity 35226K, committed 35416K, reserved 1079296K
  class space    used 4555K, capacity 4733K, committed 4736K, reserved 1048576K

